This file contains any messages produced by compilers while
running configure, to aid debugging if configure makes a mistake.

It was created by LinuxSystemProgrammingAssignment1 configure 0.0, which was
generated by GNU Autoconf 2.69.  Invocation command line was

  $ ../configure 

## --------- ##
## Platform. ##
## --------- ##

hostname = ubuntu2004
uname -m = x86_64
uname -r = 5.4.0-150-generic
uname -s = Linux
uname -v = #167-Ubuntu SMP Mon May 15 17:35:05 UTC 2023

/usr/bin/uname -p = x86_64
/bin/uname -X     = unknown

/bin/arch              = x86_64
/usr/bin/arch -k       = unknown
/usr/convex/getsysinfo = unknown
/usr/bin/hostinfo      = unknown
/bin/machine           = unknown
/usr/bin/oslevel       = unknown
/bin/universe          = unknown

PATH: /home/zus/.local/share/nvim/mason/bin
PATH: /home/zus/.local/share/nvim/mason/bin
PATH: /home/zus/.cargo/bin
PATH: /usr/local/sbin
PATH: /usr/local/bin
PATH: /usr/sbin
PATH: /usr/bin
PATH: /sbin
PATH: /bin
PATH: /usr/games
PATH: /usr/local/games
PATH: /snap/bin
PATH: /home/zus/.local/share/kitty-ssh-kitten/kitty/bin
PATH: /opt/gcc-arm-10.2-2020.11-x86_64-aarch64-none-linux-gnu/bin
PATH: /opt/gcc-arm-10.2-2020.11-x86_64-aarch64-none-linux-gnu/bin


## ----------- ##
## Core tests. ##
## ----------- ##

configure:2304: checking for gcc
configure:2320: found /usr/bin/gcc
configure:2331: result: gcc
configure:2560: checking for C compiler version
configure:2569: gcc --version >&5
gcc (Ubuntu 9.4.0-1ubuntu1~20.04.1) 9.4.0
Copyright (C) 2019 Free Software Foundation, Inc.
This is free software; see the source for copying conditions.  There is NO
warranty; not even for MERCHANTABILITY or FITNESS FOR A PARTICULAR PURPOSE.

configure:2580: $? = 0
configure:2569: gcc -v >&5
Using built-in specs.
COLLECT_GCC=gcc
COLLECT_LTO_WRAPPER=/usr/lib/gcc/x86_64-linux-gnu/9/lto-wrapper
OFFLOAD_TARGET_NAMES=nvptx-none:hsa
OFFLOAD_TARGET_DEFAULT=1
Target: x86_64-linux-gnu
Configured with: ../src/configure -v --with-pkgversion='Ubuntu 9.4.0-1ubuntu1~20.04.1' --with-bugurl=file:///usr/share/doc/gcc-9/README.Bugs --enable-languages=c,ada,c++,go,brig,d,fortran,objc,obj-c++,gm2 --prefix=/usr --with-gcc-major-version-only --program-suffix=-9 --program-prefix=x86_64-linux-gnu- --enable-shared --enable-linker-build-id --libexecdir=/usr/lib --without-included-gettext --enable-threads=posix --libdir=/usr/lib --enable-nls --enable-clocale=gnu --enable-libstdcxx-debug --enable-libstdcxx-time=yes --with-default-libstdcxx-abi=new --enable-gnu-unique-object --disable-vtable-verify --enable-plugin --enable-default-pie --with-system-zlib --with-target-system-zlib=auto --enable-objc-gc=auto --enable-multiarch --disable-werror --with-arch-32=i686 --with-abi=m64 --with-multilib-list=m32,m64,mx32 --enable-multilib --with-tune=generic --enable-offload-targets=nvptx-none=/build/gcc-9-Av3uEd/gcc-9-9.4.0/debian/tmp-nvptx/usr,hsa --without-cuda-driver --enable-checking=release --build=x86_64-linux-gnu --host=x86_64-linux-gnu --target=x86_64-linux-gnu
Thread model: posix
gcc version 9.4.0 (Ubuntu 9.4.0-1ubuntu1~20.04.1) 
configure:2580: $? = 0
configure:2569: gcc -V >&5
gcc: error: unrecognized command line option '-V'
gcc: fatal error: no input files
compilation terminated.
configure:2580: $? = 1
configure:2569: gcc -qversion >&5
gcc: error: unrecognized command line option '-qversion'; did you mean '--version'?
gcc: fatal error: no input files
compilation terminated.
configure:2580: $? = 1
configure:2600: checking whether the C compiler works
configure:2622: gcc    conftest.c  >&5
configure:2626: $? = 0
configure:2674: result: yes
configure:2677: checking for C compiler default output file name
configure:2679: result: a.out
configure:2685: checking for suffix of executables
configure:2692: gcc -o conftest    conftest.c  >&5
configure:2696: $? = 0
configure:2718: result: 
configure:2740: checking whether we are cross compiling
configure:2748: gcc -o conftest    conftest.c  >&5
configure:2752: $? = 0
configure:2759: ./conftest
configure:2763: $? = 0
configure:2751: result: no
configure:2756: checking for suffix of object files
configure:2778: gcc -c   conftest.c >&5
configure:2782: $? = 0
configure:2803: result: o
configure:2807: checking whether we are using the GNU C compiler
configure:2826: gcc -c   conftest.c >&5
configure:2826: $? = 0
configure:2835: result: yes
configure:2844: checking whether gcc accepts -g
configure:2864: gcc -c -g  conftest.c >&5
configure:2864: $? = 0
configure:2905: result: yes
configure:2922: checking for gcc option to accept ISO C89
configure:2985: gcc  -c -g -O2  conftest.c >&5
configure:2985: $? = 0
configure:2998: result: none needed
configure:3023: checking whether gcc understands -c and -o together
configure:3045: gcc -c conftest.c -o conftest2.o
configure:3048: $? = 0
configure:3045: gcc -c conftest.c -o conftest2.o
configure:3048: $? = 0
configure:3060: result: yes
configure:3127: checking for ar
configure:3143: found /usr/bin/ar
configure:3154: result: ar
configure:3180: checking the archiver (ar) interface
configure:3196: gcc -c -g -O2  conftest.c >&5
configure:3196: $? = 0
configure:3198: ar cru libconftest.a conftest.o >&5
ar: `u' modifier ignored since `D' is the default (see `U')
configure:3201: $? = 0
configure:3200: result: ar
configure:3238: checking for a BSD-compatible install
configure:3306: result: /usr/bin/install -c
configure:3317: checking whether build environment is sane
configure:3372: result: yes
configure:3518: checking for a thread-safe mkdir -p
configure:3557: result: /usr/bin/mkdir -p
configure:3564: checking for gawk
configure:3580: found /usr/bin/gawk
configure:3591: result: gawk
configure:3602: checking whether make sets $(MAKE)
configure:3624: result: yes
configure:3646: checking whether make supports the include directive
configure:3661: make -f confmf.GNU && cat confinc.out
this is the am__doit target
configure:3664: $? = 0
configure:3683: result: yes (GNU style)
configure:3716: checking whether make supports nested variables
configure:3733: result: yes
configure:3818: checking dependency style of gcc
configure:3929: result: gcc3
configure:4016: checking build system type
configure:4030: result: x86_64-pc-linux-gnu
configure:4050: checking host system type
configure:4063: result: x86_64-pc-linux-gnu
configure:4104: checking how to print strings
configure:4131: result: printf
configure:4152: checking for a sed that does not truncate output
configure:4216: result: /usr/bin/sed
configure:4234: checking for grep that handles long lines and -e
configure:4292: result: /usr/bin/grep
configure:4297: checking for egrep
configure:4359: result: /usr/bin/grep -E
configure:4364: checking for fgrep
configure:4426: result: /usr/bin/grep -F
configure:4461: checking for ld used by gcc
configure:4528: result: /usr/bin/ld
configure:4535: checking if the linker (/usr/bin/ld) is GNU ld
configure:4550: result: yes
configure:4562: checking for BSD- or MS-compatible name lister (nm)
configure:4616: result: /usr/bin/nm -B
configure:4746: checking the name lister (/usr/bin/nm -B) interface
configure:4753: gcc -c -g -O2  conftest.c >&5
configure:4756: /usr/bin/nm -B "conftest.o"
configure:4759: output
0000000000000000 B some_variable
configure:4760: result: BSD nm
configure:4763: checking whether ln -s works
configure:4767: result: yes
configure:4775: checking the maximum length of command line arguments
configure:4906: result: 1572864
configure:4954: checking how to convert x86_64-pc-linux-gnu file names to x86_64-pc-linux-gnu format
configure:4994: result: func_convert_file_noop
configure:5001: checking how to convert x86_64-pc-linux-gnu file names to toolchain format
configure:5021: result: func_convert_file_noop
configure:5028: checking for /usr/bin/ld option to reload object files
configure:5035: result: -r
configure:5109: checking for objdump
configure:5125: found /usr/bin/objdump
configure:5136: result: objdump
configure:5168: checking how to recognize dependent libraries
configure:5368: result: pass_all
configure:5453: checking for dlltool
configure:5483: result: no
configure:5513: checking how to associate runtime and link libraries
configure:5540: result: printf %s\n
configure:5664: checking for archiver @FILE support
configure:5681: gcc -c -g -O2  conftest.c >&5
configure:5681: $? = 0
configure:5684: ar cr libconftest.a @conftest.lst >&5
configure:5687: $? = 0
configure:5692: ar cr libconftest.a @conftest.lst >&5
ar: conftest.o: No such file or directory
configure:5695: $? = 1
configure:5694: result: @
configure:5752: checking for strip
configure:5768: found /usr/bin/strip
configure:5779: result: strip
configure:5851: checking for ranlib
configure:5867: found /usr/bin/ranlib
configure:5878: result: ranlib
configure:5980: checking command to parse /usr/bin/nm -B output from gcc object
configure:6133: gcc -c -g -O2  conftest.c >&5
configure:6136: $? = 0
configure:6140: /usr/bin/nm -B conftest.o | sed -n -e 's/^.*[	 ]\([ABCDGIRSTW][ABCDGIRSTW]*\)[	 ][	 ]*\([_A-Za-z][_A-Za-z0-9]*\)$/\1 \2 \2/p' | sed '/ __gnu_lto/d' > conftest.nm
configure:6206: gcc -o conftest -g -O2   conftest.c conftstm.o >&5
configure:6209: $? = 0
configure:6247: result: ok
configure:6294: checking for sysroot
configure:6324: result: no
configure:6331: checking for a working dd
configure:6369: result: /usr/bin/dd
configure:6373: checking how to truncate binary pipes
configure:6388: result: /usr/bin/dd bs=4096 count=1
configure:6524: gcc -c -g -O2  conftest.c >&5
configure:6527: $? = 0
configure:6717: checking for mt
configure:6733: found /usr/bin/mt
configure:6744: result: mt
configure:6767: checking if mt is a manifest tool
configure:6773: mt '-?'
configure:6781: result: no
configure:7458: checking how to run the C preprocessor
configure:7489: gcc -E  conftest.c
configure:7489: $? = 0
configure:7503: gcc -E  conftest.c
conftest.c:11:10: fatal error: ac_nonexistent.h: No such file or directory
   11 | #include <ac_nonexistent.h>
      |          ^~~~~~~~~~~~~~~~~~
compilation terminated.
configure:7503: $? = 1
configure: failed program was:
| /* confdefs.h */
| #define PACKAGE_NAME "LinuxSystemProgrammingAssignment1"
| #define PACKAGE_TARNAME "linuxsystemprogrammingassignment1"
| #define PACKAGE_VERSION "0.0"
| #define PACKAGE_STRING "LinuxSystemProgrammingAssignment1 0.0"
| #define PACKAGE_BUGREPORT "zus AT gomoreno.me"
| #define PACKAGE_URL ""
| #define PACKAGE "linuxsystemprogrammingassignment1"
| #define VERSION "0.0"
| /* end confdefs.h.  */
| #include <ac_nonexistent.h>
configure:7528: result: gcc -E
configure:7548: gcc -E  conftest.c
configure:7548: $? = 0
configure:7562: gcc -E  conftest.c
conftest.c:11:10: fatal error: ac_nonexistent.h: No such file or directory
   11 | #include <ac_nonexistent.h>
      |          ^~~~~~~~~~~~~~~~~~
compilation terminated.
configure:7562: $? = 1
configure: failed program was:
| /* confdefs.h */
| #define PACKAGE_NAME "LinuxSystemProgrammingAssignment1"
| #define PACKAGE_TARNAME "linuxsystemprogrammingassignment1"
| #define PACKAGE_VERSION "0.0"
| #define PACKAGE_STRING "LinuxSystemProgrammingAssignment1 0.0"
| #define PACKAGE_BUGREPORT "zus AT gomoreno.me"
| #define PACKAGE_URL ""
| #define PACKAGE "linuxsystemprogrammingassignment1"
| #define VERSION "0.0"
| /* end confdefs.h.  */
| #include <ac_nonexistent.h>
configure:7591: checking for ANSI C header files
configure:7611: gcc -c -g -O2  conftest.c >&5
configure:7611: $? = 0
configure:7684: gcc -o conftest -g -O2   conftest.c  >&5
configure:7684: $? = 0
configure:7684: ./conftest
configure:7684: $? = 0
configure:7695: result: yes
configure:7708: checking for sys/types.h
configure:7708: gcc -c -g -O2  conftest.c >&5
configure:7708: $? = 0
configure:7708: result: yes
configure:7708: checking for sys/stat.h
configure:7708: gcc -c -g -O2  conftest.c >&5
configure:7708: $? = 0
configure:7708: result: yes
configure:7708: checking for stdlib.h
configure:7708: gcc -c -g -O2  conftest.c >&5
configure:7708: $? = 0
configure:7708: result: yes
configure:7708: checking for string.h
configure:7708: gcc -c -g -O2  conftest.c >&5
configure:7708: $? = 0
configure:7708: result: yes
configure:7708: checking for memory.h
configure:7708: gcc -c -g -O2  conftest.c >&5
configure:7708: $? = 0
configure:7708: result: yes
configure:7708: checking for strings.h
configure:7708: gcc -c -g -O2  conftest.c >&5
configure:7708: $? = 0
configure:7708: result: yes
configure:7708: checking for inttypes.h
configure:7708: gcc -c -g -O2  conftest.c >&5
configure:7708: $? = 0
configure:7708: result: yes
configure:7708: checking for stdint.h
configure:7708: gcc -c -g -O2  conftest.c >&5
configure:7708: $? = 0
configure:7708: result: yes
configure:7708: checking for unistd.h
configure:7708: gcc -c -g -O2  conftest.c >&5
configure:7708: $? = 0
configure:7708: result: yes
configure:7722: checking for dlfcn.h
configure:7722: gcc -c -g -O2  conftest.c >&5
configure:7722: $? = 0
configure:7722: result: yes
configure:7978: checking for objdir
configure:7993: result: .libs
configure:8257: checking if gcc supports -fno-rtti -fno-exceptions
configure:8275: gcc -c -g -O2  -fno-rtti -fno-exceptions conftest.c >&5
cc1: warning: command line option '-fno-rtti' is valid for C++/D/ObjC++ but not for C
configure:8279: $? = 0
configure:8292: result: no
configure:8656: checking for gcc option to produce PIC
configure:8663: result: -fPIC -DPIC
configure:8671: checking if gcc PIC flag -fPIC -DPIC works
configure:8689: gcc -c -g -O2  -fPIC -DPIC -DPIC conftest.c >&5
configure:8693: $? = 0
configure:8706: result: yes
configure:8735: checking if gcc static flag -static works
configure:8763: result: yes
configure:8778: checking if gcc supports -c -o file.o
configure:8799: gcc -c -g -O2  -o out/conftest2.o conftest.c >&5
configure:8803: $? = 0
configure:8825: result: yes
configure:8833: checking if gcc supports -c -o file.o
configure:8880: result: yes
configure:8913: checking whether the gcc linker (/usr/bin/ld -m elf_x86_64) supports shared libraries
configure:10176: result: yes
configure:10213: checking whether -lc should be explicitly linked in
configure:10221: gcc -c -g -O2  conftest.c >&5
configure:10224: $? = 0
configure:10239: gcc -shared  -fPIC -DPIC conftest.o  -v -Wl,-soname -Wl,conftest -o conftest 2\>\&1 \| /usr/bin/grep  -lc  \>/dev/null 2\>\&1
configure:10242: $? = 0
configure:10256: result: no
configure:10416: checking dynamic linker characteristics
configure:10997: gcc -o conftest -g -O2   -Wl,-rpath -Wl,/foo conftest.c  >&5
configure:10997: $? = 0
configure:11246: result: GNU/Linux ld.so
configure:11368: checking how to hardcode library paths into programs
configure:11393: result: immediate
configure:11941: checking whether stripping libraries is possible
configure:11946: result: yes
configure:11981: checking if libtool supports shared libraries
configure:11983: result: yes
configure:11986: checking whether to build shared libraries
configure:12011: result: yes
configure:12014: checking whether to build static libraries
configure:12018: result: yes
configure:8879: checking for gcc
configure:8906: result: gcc
configure:9135: checking for C compiler version
configure:9144: gcc --version >&5
gcc (Ubuntu 9.4.0-1ubuntu1~20.04.1) 9.4.0
Copyright (C) 2019 Free Software Foundation, Inc.
This is free software; see the source for copying conditions.  There is NO
warranty; not even for MERCHANTABILITY or FITNESS FOR A PARTICULAR PURPOSE.

configure:9155: $? = 0
configure:9144: gcc -v >&5
Using built-in specs.
COLLECT_GCC=gcc
COLLECT_LTO_WRAPPER=/usr/lib/gcc/x86_64-linux-gnu/9/lto-wrapper
OFFLOAD_TARGET_NAMES=nvptx-none:hsa
OFFLOAD_TARGET_DEFAULT=1
Target: x86_64-linux-gnu
Configured with: ../src/configure -v --with-pkgversion='Ubuntu 9.4.0-1ubuntu1~20.04.1' --with-bugurl=file:///usr/share/doc/gcc-9/README.Bugs --enable-languages=c,ada,c++,go,brig,d,fortran,objc,obj-c++,gm2 --prefix=/usr --with-gcc-major-version-only --program-suffix=-9 --program-prefix=x86_64-linux-gnu- --enable-shared --enable-linker-build-id --libexecdir=/usr/lib --without-included-gettext --enable-threads=posix --libdir=/usr/lib --enable-nls --enable-clocale=gnu --enable-libstdcxx-debug --enable-libstdcxx-time=yes --with-default-libstdcxx-abi=new --enable-gnu-unique-object --disable-vtable-verify --enable-plugin --enable-default-pie --with-system-zlib --with-target-system-zlib=auto --enable-objc-gc=auto --enable-multiarch --disable-werror --with-arch-32=i686 --with-abi=m64 --with-multilib-list=m32,m64,mx32 --enable-multilib --with-tune=generic --enable-offload-targets=nvptx-none=/build/gcc-9-Av3uEd/gcc-9-9.4.0/debian/tmp-nvptx/usr,hsa --without-cuda-driver --enable-checking=release --build=x86_64-linux-gnu --host=x86_64-linux-gnu --target=x86_64-linux-gnu
Thread model: posix
gcc version 9.4.0 (Ubuntu 9.4.0-1ubuntu1~20.04.1) 
configure:9155: $? = 0
configure:9144: gcc -V >&5
gcc: error: unrecognized command line option '-V'
gcc: fatal error: no input files
compilation terminated.
configure:9155: $? = 1
configure:9144: gcc -qversion >&5
gcc: error: unrecognized command line option '-qversion'; did you mean '--version'?
gcc: fatal error: no input files
compilation terminated.
configure:9155: $? = 1
configure:9159: checking whether we are using the GNU C compiler
configure:9187: result: yes
configure:9196: checking whether gcc accepts -g
configure:9257: result: yes
configure:9274: checking for gcc option to accept ISO C89
configure:9350: result: none needed
configure:9375: checking whether gcc understands -c and -o together
configure:9412: result: yes
configure:9431: checking for ANSI C header files
configure:9535: result: yes
configure:9545: checking for stdlib.h
configure:9545: result: yes
configure:9557: checking for stdlib.h
configure:9557: result: yes
configure:9567: checking for GNU libc compatible malloc
configure:9591: gcc -o conftest -g -O2   conftest.c  >&5
configure:9591: $? = 0
configure:9591: ./conftest
configure:9591: $? = 0
configure:9601: result: yes
configure:9731: checking that generated files are newer than configure
configure:9737: result: done
configure:9760: creating ./config.status

## ---------------------- ##
## Running config.status. ##
## ---------------------- ##

This file was extended by LinuxSystemProgrammingAssignment1 config.status 0.0, which was
generated by GNU Autoconf 2.69.  Invocation command line was

  CONFIG_FILES    = 
  CONFIG_HEADERS  = 
  CONFIG_LINKS    = 
  CONFIG_COMMANDS = 
  $ ./config.status 

on ubuntu2004

config.status:1086: creating Makefile
config.status:1086: creating src/Makefile
config.status:1086: creating config.h
config.status:1252: config.h is unchanged
config.status:1300: executing depfiles commands
config.status:1377: cd src       && sed -e '/# am--include-marker/d' Makefile         | make -f - am--depfiles
make: Nothing to be done for 'am--depfiles'.
config.status:1382: $? = 0
config.status:1300: executing libtool commands
configure:11970: === configuring in collections (/home/zus/code/lsd-assignment-1/build/collections)
configure:12033: running /bin/bash ../../collections/configure --disable-option-checking '--prefix=/usr/local'  --cache-file=/dev/null --srcdir=../../collections

## ---------------- ##
## Cache variables. ##
## ---------------- ##

ac_cv_build=x86_64-pc-linux-gnu
ac_cv_c_compiler_gnu=yes
ac_cv_env_CC_set=
ac_cv_env_CC_value=
ac_cv_env_CFLAGS_set=
ac_cv_env_CFLAGS_value=
ac_cv_env_CPPFLAGS_set=
ac_cv_env_CPPFLAGS_value=
ac_cv_env_CPP_set=
ac_cv_env_CPP_value=
ac_cv_env_LDFLAGS_set=
ac_cv_env_LDFLAGS_value=
ac_cv_env_LIBS_set=
ac_cv_env_LIBS_value=
ac_cv_env_LT_SYS_LIBRARY_PATH_set=
ac_cv_env_LT_SYS_LIBRARY_PATH_value=
ac_cv_env_build_alias_set=
ac_cv_env_build_alias_value=
ac_cv_env_host_alias_set=
ac_cv_env_host_alias_value=
ac_cv_env_target_alias_set=
ac_cv_env_target_alias_value=
ac_cv_func_malloc_0_nonnull=yes
ac_cv_header_dlfcn_h=yes
ac_cv_header_inttypes_h=yes
ac_cv_header_memory_h=yes
ac_cv_header_stdc=yes
ac_cv_header_stdint_h=yes
ac_cv_header_stdlib_h=yes
ac_cv_header_string_h=yes
ac_cv_header_strings_h=yes
ac_cv_header_sys_stat_h=yes
ac_cv_header_sys_types_h=yes
ac_cv_header_unistd_h=yes
ac_cv_host=x86_64-pc-linux-gnu
ac_cv_objext=o
ac_cv_path_EGREP='/usr/bin/grep -E'
ac_cv_path_FGREP='/usr/bin/grep -F'
ac_cv_path_GREP=/usr/bin/grep
ac_cv_path_SED=/usr/bin/sed
ac_cv_path_install='/usr/bin/install -c'
ac_cv_path_lt_DD=/usr/bin/dd
ac_cv_path_mkdir=/usr/bin/mkdir
ac_cv_prog_AWK=gawk
ac_cv_prog_CPP='gcc -E'
ac_cv_prog_ac_ct_AR=ar
ac_cv_prog_ac_ct_CC=gcc
ac_cv_prog_ac_ct_MANIFEST_TOOL=mt
ac_cv_prog_ac_ct_OBJDUMP=objdump
ac_cv_prog_ac_ct_RANLIB=ranlib
ac_cv_prog_ac_ct_STRIP=strip
ac_cv_prog_cc_c89=
ac_cv_prog_cc_g=yes
ac_cv_prog_make_make_set=yes
am_cv_CC_dependencies_compiler_type=gcc3
am_cv_ar_interface=ar
am_cv_make_support_nested_variables=yes
am_cv_prog_cc_c_o=yes
lt_cv_ar_at_file=@
lt_cv_archive_cmds_need_lc=no
lt_cv_deplibs_check_method=pass_all
lt_cv_file_magic_cmd='$MAGIC_CMD'
lt_cv_file_magic_test_file=
lt_cv_ld_reload_flag=-r
lt_cv_nm_interface='BSD nm'
lt_cv_objdir=.libs
lt_cv_path_LD=/usr/bin/ld
lt_cv_path_NM='/usr/bin/nm -B'
lt_cv_path_mainfest_tool=no
lt_cv_prog_compiler_c_o=yes
lt_cv_prog_compiler_pic='-fPIC -DPIC'
lt_cv_prog_compiler_pic_works=yes
lt_cv_prog_compiler_rtti_exceptions=no
lt_cv_prog_compiler_static_works=yes
lt_cv_prog_gnu_ld=yes
lt_cv_sharedlib_from_linklib_cmd='printf %s\n'
lt_cv_shlibpath_overrides_runpath=yes
lt_cv_sys_global_symbol_pipe='sed -n -e '\''s/^.*[	 ]\([ABCDGIRSTW][ABCDGIRSTW]*\)[	 ][	 ]*\([_A-Za-z][_A-Za-z0-9]*\)$/\1 \2 \2/p'\'' | sed '\''/ __gnu_lto/d'\'''
lt_cv_sys_global_symbol_to_c_name_address='sed -n -e '\''s/^: \(.*\) .*$/  {"\1", (void *) 0},/p'\'' -e '\''s/^[ABCDGIRSTW][ABCDGIRSTW]* .* \(.*\)$/  {"\1", (void *) \&\1},/p'\'''
lt_cv_sys_global_symbol_to_c_name_address_lib_prefix='sed -n -e '\''s/^: \(.*\) .*$/  {"\1", (void *) 0},/p'\'' -e '\''s/^[ABCDGIRSTW][ABCDGIRSTW]* .* \(lib.*\)$/  {"\1", (void *) \&\1},/p'\'' -e '\''s/^[ABCDGIRSTW][ABCDGIRSTW]* .* \(.*\)$/  {"lib\1", (void *) \&\1},/p'\'''
lt_cv_sys_global_symbol_to_cdecl='sed -n -e '\''s/^T .* \(.*\)$/extern int \1();/p'\'' -e '\''s/^[ABCDGIRSTW][ABCDGIRSTW]* .* \(.*\)$/extern char \1;/p'\'''
lt_cv_sys_global_symbol_to_import=
lt_cv_sys_max_cmd_len=1572864
lt_cv_to_host_file_cmd=func_convert_file_noop
lt_cv_to_tool_file_cmd=func_convert_file_noop
lt_cv_truncate_bin='/usr/bin/dd bs=4096 count=1'

## ----------------- ##
## Output variables. ##
## ----------------- ##

ACLOCAL='${SHELL} /home/zus/code/lsd-assignment-1/missing aclocal-1.16'
AMDEPBACKSLASH='\'
AMDEP_FALSE='#'
AMDEP_TRUE=''
AMTAR='$${TAR-tar}'
AM_BACKSLASH='\'
AM_DEFAULT_V='$(AM_DEFAULT_VERBOSITY)'
AM_DEFAULT_VERBOSITY='1'
AM_V='$(V)'
AR='ar'
AUTOCONF='${SHELL} /home/zus/code/lsd-assignment-1/missing autoconf'
AUTOHEADER='${SHELL} /home/zus/code/lsd-assignment-1/missing autoheader'
AUTOMAKE='${SHELL} /home/zus/code/lsd-assignment-1/missing automake-1.16'
AWK='gawk'
CC='gcc'
CCDEPMODE='depmode=gcc3'
CFLAGS='-g -O2'
CPP='gcc -E'
CPPFLAGS=''
CYGPATH_W='echo'
DEFS='-DHAVE_CONFIG_H'
DEPDIR='.deps'
DLLTOOL='false'
DSYMUTIL=''
DUMPBIN=''
ECHO_C=''
ECHO_N='-n'
ECHO_T=''
EGREP='/usr/bin/grep -E'
EXEEXT=''
FGREP='/usr/bin/grep -F'
GREP='/usr/bin/grep'
INSTALL_DATA='${INSTALL} -m 644'
INSTALL_PROGRAM='${INSTALL}'
INSTALL_SCRIPT='${INSTALL}'
INSTALL_STRIP_PROGRAM='$(install_sh) -c -s'
LD='/usr/bin/ld -m elf_x86_64'
LDFLAGS=''
LIBOBJS=''
LIBS=''
LIBTOOL='$(SHELL) $(top_builddir)/libtool'
LIPO=''
LN_S='ln -s'
LTLIBOBJS=''
LT_SYS_LIBRARY_PATH=''
MAKEINFO='${SHELL} /home/zus/code/lsd-assignment-1/missing makeinfo'
MANIFEST_TOOL=':'
MKDIR_P='/usr/bin/mkdir -p'
NM='/usr/bin/nm -B'
NMEDIT=''
OBJDUMP='objdump'
OBJEXT='o'
OTOOL64=''
OTOOL=''
PACKAGE='linuxsystemprogrammingassignment1'
PACKAGE_BUGREPORT='zus AT gomoreno.me'
PACKAGE_NAME='LinuxSystemProgrammingAssignment1'
PACKAGE_STRING='LinuxSystemProgrammingAssignment1 0.0'
PACKAGE_TARNAME='linuxsystemprogrammingassignment1'
PACKAGE_URL=''
PACKAGE_VERSION='0.0'
PATH_SEPARATOR=':'
RANLIB='ranlib'
SED='/usr/bin/sed'
SET_MAKE=''
SHELL='/bin/bash'
STRIP='strip'
VERSION='0.0'
ac_ct_AR='ar'
ac_ct_CC='gcc'
ac_ct_DUMPBIN=''
am__EXEEXT_FALSE=''
am__EXEEXT_TRUE='#'
am__fastdepCC_FALSE='#'
am__fastdepCC_TRUE=''
am__include='include'
am__isrc=' -I$(srcdir)'
am__leading_dot='.'
am__nodep='_no'
am__quote=''
am__tar='$${TAR-tar} chof - "$$tardir"'
am__untar='$${TAR-tar} xf -'
bindir='${exec_prefix}/bin'
build='x86_64-pc-linux-gnu'
build_alias=''
build_cpu='x86_64'
build_os='linux-gnu'
build_vendor='pc'
datadir='${datarootdir}'
datarootdir='${prefix}/share'
docdir='${datarootdir}/doc/${PACKAGE_TARNAME}'
dvidir='${docdir}'
exec_prefix='${prefix}'
host='x86_64-pc-linux-gnu'
host_alias=''
host_cpu='x86_64'
host_os='linux-gnu'
host_vendor='pc'
htmldir='${docdir}'
includedir='${prefix}/include'
infodir='${datarootdir}/info'
install_sh='${SHELL} /home/zus/code/lsd-assignment-1/install-sh'
libdir='${exec_prefix}/lib'
libexecdir='${exec_prefix}/libexec'
localedir='${datarootdir}/locale'
localstatedir='${prefix}/var'
mandir='${datarootdir}/man'
mkdir_p='$(MKDIR_P)'
oldincludedir='/usr/include'
pdfdir='${docdir}'
prefix='/usr/local'
program_transform_name='s,x,x,'
psdir='${docdir}'
runstatedir='${localstatedir}/run'
sbindir='${exec_prefix}/sbin'
sharedstatedir='${prefix}/com'
subdirs=' collections'
sysconfdir='${prefix}/etc'
target_alias=''

## ----------- ##
## confdefs.h. ##
## ----------- ##

/* confdefs.h */
#define PACKAGE_NAME "LinuxSystemProgrammingAssignment1"
#define PACKAGE_TARNAME "linuxsystemprogrammingassignment1"
#define PACKAGE_VERSION "0.0"
#define PACKAGE_STRING "LinuxSystemProgrammingAssignment1 0.0"
#define PACKAGE_BUGREPORT "zus AT gomoreno.me"
#define PACKAGE_URL ""
#define PACKAGE "linuxsystemprogrammingassignment1"
#define VERSION "0.0"
#define STDC_HEADERS 1
#define HAVE_SYS_TYPES_H 1
#define HAVE_SYS_STAT_H 1
#define HAVE_STDLIB_H 1
#define HAVE_STRING_H 1
#define HAVE_MEMORY_H 1
#define HAVE_STRINGS_H 1
#define HAVE_INTTYPES_H 1
#define HAVE_STDINT_H 1
#define HAVE_UNISTD_H 1
#define HAVE_DLFCN_H 1
#define LT_OBJDIR ".libs/"
#define STDC_HEADERS 1
#define HAVE_STDLIB_H 1
#define HAVE_STDLIB_H 1
#define HAVE_MALLOC 1

configure: exit 0
