This file contains any messages produced by compilers while
running configure, to aid debugging if configure makes a mistake.

It was created by CollectionsLibrary configure 0.0, which was
generated by GNU Autoconf 2.69.  Invocation command line was

  $ ../../collections/configure --disable-option-checking --prefix=/usr/local --cache-file=/dev/null --srcdir=../../collections

## --------- ##
## Platform. ##
## --------- ##

hostname = ubuntu2004
uname -m = x86_64
uname -r = 5.4.0-150-generic
uname -s = Linux
uname -v = #167-Ubuntu SMP Mon May 15 17:35:05 UTC 2023

/usr/bin/uname -p = x86_64
/bin/uname -X     = unknown

/bin/arch              = x86_64
/usr/bin/arch -k       = unknown
/usr/convex/getsysinfo = unknown
/usr/bin/hostinfo      = unknown
/bin/machine           = unknown
/usr/bin/oslevel       = unknown
/bin/universe          = unknown

PATH: /home/zus/.local/share/nvim/mason/bin
PATH: /home/zus/.local/share/nvim/mason/bin
PATH: /home/zus/.cargo/bin
PATH: /usr/local/sbin
PATH: /usr/local/bin
PATH: /usr/sbin
PATH: /usr/bin
PATH: /sbin
PATH: /bin
PATH: /usr/games
PATH: /usr/local/games
PATH: /snap/bin
PATH: /home/zus/.local/share/kitty-ssh-kitten/kitty/bin
PATH: /opt/gcc-arm-10.2-2020.11-x86_64-aarch64-none-linux-gnu/bin
PATH: /opt/gcc-arm-10.2-2020.11-x86_64-aarch64-none-linux-gnu/bin


## ----------- ##
## Core tests. ##
## ----------- ##

configure:2374: checking for gcc
configure:2390: found /usr/bin/gcc
configure:2401: result: gcc
configure:2630: checking for C compiler version
configure:2639: gcc --version >&5
gcc (Ubuntu 9.4.0-1ubuntu1~20.04.1) 9.4.0
Copyright (C) 2019 Free Software Foundation, Inc.
This is free software; see the source for copying conditions.  There is NO
warranty; not even for MERCHANTABILITY or FITNESS FOR A PARTICULAR PURPOSE.

configure:2650: $? = 0
configure:2639: gcc -v >&5
Using built-in specs.
COLLECT_GCC=gcc
COLLECT_LTO_WRAPPER=/usr/lib/gcc/x86_64-linux-gnu/9/lto-wrapper
OFFLOAD_TARGET_NAMES=nvptx-none:hsa
OFFLOAD_TARGET_DEFAULT=1
Target: x86_64-linux-gnu
Configured with: ../src/configure -v --with-pkgversion='Ubuntu 9.4.0-1ubuntu1~20.04.1' --with-bugurl=file:///usr/share/doc/gcc-9/README.Bugs --enable-languages=c,ada,c++,go,brig,d,fortran,objc,obj-c++,gm2 --prefix=/usr --with-gcc-major-version-only --program-suffix=-9 --program-prefix=x86_64-linux-gnu- --enable-shared --enable-linker-build-id --libexecdir=/usr/lib --without-included-gettext --enable-threads=posix --libdir=/usr/lib --enable-nls --enable-clocale=gnu --enable-libstdcxx-debug --enable-libstdcxx-time=yes --with-default-libstdcxx-abi=new --enable-gnu-unique-object --disable-vtable-verify --enable-plugin --enable-default-pie --with-system-zlib --with-target-system-zlib=auto --enable-objc-gc=auto --enable-multiarch --disable-werror --with-arch-32=i686 --with-abi=m64 --with-multilib-list=m32,m64,mx32 --enable-multilib --with-tune=generic --enable-offload-targets=nvptx-none=/build/gcc-9-Av3uEd/gcc-9-9.4.0/debian/tmp-nvptx/usr,hsa --without-cuda-driver --enable-checking=release --build=x86_64-linux-gnu --host=x86_64-linux-gnu --target=x86_64-linux-gnu
Thread model: posix
gcc version 9.4.0 (Ubuntu 9.4.0-1ubuntu1~20.04.1) 
configure:2650: $? = 0
configure:2639: gcc -V >&5
gcc: error: unrecognized command line option '-V'
gcc: fatal error: no input files
compilation terminated.
configure:2650: $? = 1
configure:2639: gcc -qversion >&5
gcc: error: unrecognized command line option '-qversion'; did you mean '--version'?
gcc: fatal error: no input files
compilation terminated.
configure:2650: $? = 1
configure:2670: checking whether the C compiler works
configure:2692: gcc    conftest.c  >&5
configure:2696: $? = 0
configure:2744: result: yes
configure:2747: checking for C compiler default output file name
configure:2749: result: a.out
configure:2755: checking for suffix of executables
configure:2762: gcc -o conftest    conftest.c  >&5
configure:2766: $? = 0
configure:2788: result: 
configure:2810: checking whether we are cross compiling
configure:2818: gcc -o conftest    conftest.c  >&5
configure:2822: $? = 0
configure:2829: ./conftest
configure:2833: $? = 0
configure:2821: result: no
configure:2826: checking for suffix of object files
configure:2848: gcc -c   conftest.c >&5
configure:2852: $? = 0
configure:2873: result: o
configure:2877: checking whether we are using the GNU C compiler
configure:2896: gcc -c   conftest.c >&5
configure:2896: $? = 0
configure:2905: result: yes
configure:2914: checking whether gcc accepts -g
configure:2934: gcc -c -g  conftest.c >&5
configure:2934: $? = 0
configure:2975: result: yes
configure:2992: checking for gcc option to accept ISO C89
configure:3055: gcc  -c -g -O2  conftest.c >&5
configure:3055: $? = 0
configure:3068: result: none needed
configure:3093: checking whether gcc understands -c and -o together
configure:3115: gcc -c conftest.c -o conftest2.o
configure:3118: $? = 0
configure:3115: gcc -c conftest.c -o conftest2.o
configure:3118: $? = 0
configure:3130: result: yes
configure:3197: checking for ar
configure:3213: found /usr/bin/ar
configure:3224: result: ar
configure:3250: checking the archiver (ar) interface
configure:3266: gcc -c -g -O2  conftest.c >&5
configure:3266: $? = 0
configure:3268: ar cru libconftest.a conftest.o >&5
ar: `u' modifier ignored since `D' is the default (see `U')
configure:3271: $? = 0
configure:3270: result: ar
configure:3308: checking for a BSD-compatible install
configure:3376: result: /usr/bin/install -c
configure:3387: checking whether build environment is sane
configure:3442: result: yes
configure:3588: checking for a thread-safe mkdir -p
configure:3627: result: /usr/bin/mkdir -p
configure:3634: checking for gawk
configure:3650: found /usr/bin/gawk
configure:3661: result: gawk
configure:3672: checking whether make sets $(MAKE)
configure:3694: result: yes
configure:3716: checking whether make supports the include directive
configure:3731: make -f confmf.GNU && cat confinc.out
this is the am__doit target
configure:3734: $? = 0
configure:3753: result: yes (GNU style)
configure:3786: checking whether make supports nested variables
configure:3803: result: yes
configure:3888: checking dependency style of gcc
configure:3999: result: gcc3
configure:4086: checking build system type
configure:4100: result: x86_64-pc-linux-gnu
configure:4120: checking host system type
configure:4133: result: x86_64-pc-linux-gnu
configure:4174: checking how to print strings
configure:4201: result: printf
configure:4222: checking for a sed that does not truncate output
configure:4286: result: /usr/bin/sed
configure:4304: checking for grep that handles long lines and -e
configure:4362: result: /usr/bin/grep
configure:4367: checking for egrep
configure:4429: result: /usr/bin/grep -E
configure:4434: checking for fgrep
configure:4496: result: /usr/bin/grep -F
configure:4531: checking for ld used by gcc
configure:4598: result: /usr/bin/ld
configure:4605: checking if the linker (/usr/bin/ld) is GNU ld
configure:4620: result: yes
configure:4632: checking for BSD- or MS-compatible name lister (nm)
configure:4686: result: /usr/bin/nm -B
configure:4816: checking the name lister (/usr/bin/nm -B) interface
configure:4823: gcc -c -g -O2  conftest.c >&5
configure:4826: /usr/bin/nm -B "conftest.o"
configure:4829: output
0000000000000000 B some_variable
configure:4830: result: BSD nm
configure:4833: checking whether ln -s works
configure:4837: result: yes
configure:4845: checking the maximum length of command line arguments
configure:4976: result: 1572864
configure:5024: checking how to convert x86_64-pc-linux-gnu file names to x86_64-pc-linux-gnu format
configure:5064: result: func_convert_file_noop
configure:5071: checking how to convert x86_64-pc-linux-gnu file names to toolchain format
configure:5091: result: func_convert_file_noop
configure:5098: checking for /usr/bin/ld option to reload object files
configure:5105: result: -r
configure:5179: checking for objdump
configure:5195: found /usr/bin/objdump
configure:5206: result: objdump
configure:5238: checking how to recognize dependent libraries
configure:5438: result: pass_all
configure:5523: checking for dlltool
configure:5553: result: no
configure:5583: checking how to associate runtime and link libraries
configure:5610: result: printf %s\n
configure:5734: checking for archiver @FILE support
configure:5751: gcc -c -g -O2  conftest.c >&5
configure:5751: $? = 0
configure:5754: ar cr libconftest.a @conftest.lst >&5
configure:5757: $? = 0
configure:5762: ar cr libconftest.a @conftest.lst >&5
ar: conftest.o: No such file or directory
configure:5765: $? = 1
configure:5764: result: @
configure:5822: checking for strip
configure:5838: found /usr/bin/strip
configure:5849: result: strip
configure:5921: checking for ranlib
configure:5937: found /usr/bin/ranlib
configure:5948: result: ranlib
configure:6050: checking command to parse /usr/bin/nm -B output from gcc object
configure:6203: gcc -c -g -O2  conftest.c >&5
configure:6206: $? = 0
configure:6210: /usr/bin/nm -B conftest.o | sed -n -e 's/^.*[	 ]\([ABCDGIRSTW][ABCDGIRSTW]*\)[	 ][	 ]*\([_A-Za-z][_A-Za-z0-9]*\)$/\1 \2 \2/p' | sed '/ __gnu_lto/d' > conftest.nm
configure:6276: gcc -o conftest -g -O2   conftest.c conftstm.o >&5
configure:6279: $? = 0
configure:6317: result: ok
configure:6364: checking for sysroot
configure:6394: result: no
configure:6401: checking for a working dd
configure:6439: result: /usr/bin/dd
configure:6443: checking how to truncate binary pipes
configure:6458: result: /usr/bin/dd bs=4096 count=1
configure:6594: gcc -c -g -O2  conftest.c >&5
configure:6597: $? = 0
configure:6787: checking for mt
configure:6803: found /usr/bin/mt
configure:6814: result: mt
configure:6837: checking if mt is a manifest tool
configure:6843: mt '-?'
configure:6851: result: no
configure:7528: checking how to run the C preprocessor
configure:7559: gcc -E  conftest.c
configure:7559: $? = 0
configure:7573: gcc -E  conftest.c
conftest.c:11:10: fatal error: ac_nonexistent.h: No such file or directory
   11 | #include <ac_nonexistent.h>
      |          ^~~~~~~~~~~~~~~~~~
compilation terminated.
configure:7573: $? = 1
configure: failed program was:
| /* confdefs.h */
| #define PACKAGE_NAME "CollectionsLibrary"
| #define PACKAGE_TARNAME "collectionslibrary"
| #define PACKAGE_VERSION "0.0"
| #define PACKAGE_STRING "CollectionsLibrary 0.0"
| #define PACKAGE_BUGREPORT "zus AT gomoreno.me"
| #define PACKAGE_URL ""
| #define PACKAGE "collectionslibrary"
| #define VERSION "0.0"
| /* end confdefs.h.  */
| #include <ac_nonexistent.h>
configure:7598: result: gcc -E
configure:7618: gcc -E  conftest.c
configure:7618: $? = 0
configure:7632: gcc -E  conftest.c
conftest.c:11:10: fatal error: ac_nonexistent.h: No such file or directory
   11 | #include <ac_nonexistent.h>
      |          ^~~~~~~~~~~~~~~~~~
compilation terminated.
configure:7632: $? = 1
configure: failed program was:
| /* confdefs.h */
| #define PACKAGE_NAME "CollectionsLibrary"
| #define PACKAGE_TARNAME "collectionslibrary"
| #define PACKAGE_VERSION "0.0"
| #define PACKAGE_STRING "CollectionsLibrary 0.0"
| #define PACKAGE_BUGREPORT "zus AT gomoreno.me"
| #define PACKAGE_URL ""
| #define PACKAGE "collectionslibrary"
| #define VERSION "0.0"
| /* end confdefs.h.  */
| #include <ac_nonexistent.h>
configure:7661: checking for ANSI C header files
configure:7681: gcc -c -g -O2  conftest.c >&5
configure:7681: $? = 0
configure:7754: gcc -o conftest -g -O2   conftest.c  >&5
configure:7754: $? = 0
configure:7754: ./conftest
configure:7754: $? = 0
configure:7765: result: yes
configure:7778: checking for sys/types.h
configure:7778: gcc -c -g -O2  conftest.c >&5
configure:7778: $? = 0
configure:7778: result: yes
configure:7778: checking for sys/stat.h
configure:7778: gcc -c -g -O2  conftest.c >&5
configure:7778: $? = 0
configure:7778: result: yes
configure:7778: checking for stdlib.h
configure:7778: gcc -c -g -O2  conftest.c >&5
configure:7778: $? = 0
configure:7778: result: yes
configure:7778: checking for string.h
configure:7778: gcc -c -g -O2  conftest.c >&5
configure:7778: $? = 0
configure:7778: result: yes
configure:7778: checking for memory.h
configure:7778: gcc -c -g -O2  conftest.c >&5
configure:7778: $? = 0
configure:7778: result: yes
configure:7778: checking for strings.h
configure:7778: gcc -c -g -O2  conftest.c >&5
configure:7778: $? = 0
configure:7778: result: yes
configure:7778: checking for inttypes.h
configure:7778: gcc -c -g -O2  conftest.c >&5
configure:7778: $? = 0
configure:7778: result: yes
configure:7778: checking for stdint.h
configure:7778: gcc -c -g -O2  conftest.c >&5
configure:7778: $? = 0
configure:7778: result: yes
configure:7778: checking for unistd.h
configure:7778: gcc -c -g -O2  conftest.c >&5
configure:7778: $? = 0
configure:7778: result: yes
configure:7792: checking for dlfcn.h
configure:7792: gcc -c -g -O2  conftest.c >&5
configure:7792: $? = 0
configure:7792: result: yes
configure:8048: checking for objdir
configure:8063: result: .libs
configure:8327: checking if gcc supports -fno-rtti -fno-exceptions
configure:8345: gcc -c -g -O2  -fno-rtti -fno-exceptions conftest.c >&5
cc1: warning: command line option '-fno-rtti' is valid for C++/D/ObjC++ but not for C
configure:8349: $? = 0
configure:8362: result: no
configure:8726: checking for gcc option to produce PIC
configure:8733: result: -fPIC -DPIC
configure:8741: checking if gcc PIC flag -fPIC -DPIC works
configure:8759: gcc -c -g -O2  -fPIC -DPIC -DPIC conftest.c >&5
configure:8763: $? = 0
configure:8776: result: yes
configure:8805: checking if gcc static flag -static works
configure:8833: result: yes
configure:8848: checking if gcc supports -c -o file.o
configure:8869: gcc -c -g -O2  -o out/conftest2.o conftest.c >&5
configure:8873: $? = 0
configure:8895: result: yes
configure:8903: checking if gcc supports -c -o file.o
configure:8950: result: yes
configure:8983: checking whether the gcc linker (/usr/bin/ld -m elf_x86_64) supports shared libraries
configure:10246: result: yes
configure:10283: checking whether -lc should be explicitly linked in
configure:10291: gcc -c -g -O2  conftest.c >&5
configure:10294: $? = 0
configure:10309: gcc -shared  -fPIC -DPIC conftest.o  -v -Wl,-soname -Wl,conftest -o conftest 2\>\&1 \| /usr/bin/grep  -lc  \>/dev/null 2\>\&1
configure:10312: $? = 0
configure:10326: result: no
configure:10486: checking dynamic linker characteristics
configure:11067: gcc -o conftest -g -O2   -Wl,-rpath -Wl,/foo conftest.c  >&5
configure:11067: $? = 0
configure:11316: result: GNU/Linux ld.so
configure:11438: checking how to hardcode library paths into programs
configure:11463: result: immediate
configure:12011: checking whether stripping libraries is possible
configure:12016: result: yes
configure:12051: checking if libtool supports shared libraries
configure:12053: result: yes
configure:12056: checking whether to build shared libraries
configure:12081: result: yes
configure:12084: checking whether to build static libraries
configure:12088: result: yes
configure:8949: checking for gcc
configure:8976: result: gcc
configure:9205: checking for C compiler version
configure:9214: gcc --version >&5
gcc (Ubuntu 9.4.0-1ubuntu1~20.04.1) 9.4.0
Copyright (C) 2019 Free Software Foundation, Inc.
This is free software; see the source for copying conditions.  There is NO
warranty; not even for MERCHANTABILITY or FITNESS FOR A PARTICULAR PURPOSE.

configure:9225: $? = 0
configure:9214: gcc -v >&5
Using built-in specs.
COLLECT_GCC=gcc
COLLECT_LTO_WRAPPER=/usr/lib/gcc/x86_64-linux-gnu/9/lto-wrapper
OFFLOAD_TARGET_NAMES=nvptx-none:hsa
OFFLOAD_TARGET_DEFAULT=1
Target: x86_64-linux-gnu
Configured with: ../src/configure -v --with-pkgversion='Ubuntu 9.4.0-1ubuntu1~20.04.1' --with-bugurl=file:///usr/share/doc/gcc-9/README.Bugs --enable-languages=c,ada,c++,go,brig,d,fortran,objc,obj-c++,gm2 --prefix=/usr --with-gcc-major-version-only --program-suffix=-9 --program-prefix=x86_64-linux-gnu- --enable-shared --enable-linker-build-id --libexecdir=/usr/lib --without-included-gettext --enable-threads=posix --libdir=/usr/lib --enable-nls --enable-clocale=gnu --enable-libstdcxx-debug --enable-libstdcxx-time=yes --with-default-libstdcxx-abi=new --enable-gnu-unique-object --disable-vtable-verify --enable-plugin --enable-default-pie --with-system-zlib --with-target-system-zlib=auto --enable-objc-gc=auto --enable-multiarch --disable-werror --with-arch-32=i686 --with-abi=m64 --with-multilib-list=m32,m64,mx32 --enable-multilib --with-tune=generic --enable-offload-targets=nvptx-none=/build/gcc-9-Av3uEd/gcc-9-9.4.0/debian/tmp-nvptx/usr,hsa --without-cuda-driver --enable-checking=release --build=x86_64-linux-gnu --host=x86_64-linux-gnu --target=x86_64-linux-gnu
Thread model: posix
gcc version 9.4.0 (Ubuntu 9.4.0-1ubuntu1~20.04.1) 
configure:9225: $? = 0
configure:9214: gcc -V >&5
gcc: error: unrecognized command line option '-V'
gcc: fatal error: no input files
compilation terminated.
configure:9225: $? = 1
configure:9214: gcc -qversion >&5
gcc: error: unrecognized command line option '-qversion'; did you mean '--version'?
gcc: fatal error: no input files
compilation terminated.
configure:9225: $? = 1
configure:9229: checking whether we are using the GNU C compiler
configure:9257: result: yes
configure:9266: checking whether gcc accepts -g
configure:9327: result: yes
configure:9344: checking for gcc option to accept ISO C89
configure:9420: result: none needed
configure:9445: checking whether gcc understands -c and -o together
configure:9482: result: yes
configure:9554: checking for pkg-config
configure:9572: found /usr/bin/pkg-config
configure:9584: result: /usr/bin/pkg-config
configure:9609: checking pkg-config is at least version 0.9.0
configure:9612: result: yes
configure:9622: checking for CHECK
configure:9629: $PKG_CONFIG --exists --print-errors "check >= 0.9.6"
configure:9632: $? = 0
configure:9646: $PKG_CONFIG --exists --print-errors "check >= 0.9.6"
configure:9649: $? = 0
configure:9707: result: yes
configure:9712: checking for ANSI C header files
configure:9816: result: yes
configure:9824: checking for stdbool.h that conforms to C99
configure:9891: gcc -c -g -O2  conftest.c >&5
configure:9891: $? = 0
configure:9898: result: yes
configure:9900: checking for _Bool
configure:9900: gcc -c -g -O2  conftest.c >&5
configure:9900: $? = 0
configure:9900: gcc -c -g -O2  conftest.c >&5
conftest.c: In function 'main':
conftest.c:60:20: error: expected expression before ')' token
   60 | if (sizeof ((_Bool)))
      |                    ^
configure:9900: $? = 1
configure: failed program was:
| /* confdefs.h */
| #define PACKAGE_NAME "CollectionsLibrary"
| #define PACKAGE_TARNAME "collectionslibrary"
| #define PACKAGE_VERSION "0.0"
| #define PACKAGE_STRING "CollectionsLibrary 0.0"
| #define PACKAGE_BUGREPORT "zus AT gomoreno.me"
| #define PACKAGE_URL ""
| #define PACKAGE "collectionslibrary"
| #define VERSION "0.0"
| #define STDC_HEADERS 1
| #define HAVE_SYS_TYPES_H 1
| #define HAVE_SYS_STAT_H 1
| #define HAVE_STDLIB_H 1
| #define HAVE_STRING_H 1
| #define HAVE_MEMORY_H 1
| #define HAVE_STRINGS_H 1
| #define HAVE_INTTYPES_H 1
| #define HAVE_STDINT_H 1
| #define HAVE_UNISTD_H 1
| #define HAVE_DLFCN_H 1
| #define LT_OBJDIR ".libs/"
| #define STDC_HEADERS 1
| /* end confdefs.h.  */
| #include <stdio.h>
| #ifdef HAVE_SYS_TYPES_H
| # include <sys/types.h>
| #endif
| #ifdef HAVE_SYS_STAT_H
| # include <sys/stat.h>
| #endif
| #ifdef STDC_HEADERS
| # include <stdlib.h>
| # include <stddef.h>
| #else
| # ifdef HAVE_STDLIB_H
| #  include <stdlib.h>
| # endif
| #endif
| #ifdef HAVE_STRING_H
| # if !defined STDC_HEADERS && defined HAVE_MEMORY_H
| #  include <memory.h>
| # endif
| # include <string.h>
| #endif
| #ifdef HAVE_STRINGS_H
| # include <strings.h>
| #endif
| #ifdef HAVE_INTTYPES_H
| # include <inttypes.h>
| #endif
| #ifdef HAVE_STDINT_H
| # include <stdint.h>
| #endif
| #ifdef HAVE_UNISTD_H
| # include <unistd.h>
| #endif
| int
| main ()
| {
| if (sizeof ((_Bool)))
| 	    return 0;
|   ;
|   return 0;
| }
configure:9900: result: yes
configure:9919: checking for stdlib.h
configure:9919: result: yes
configure:9931: checking for stdlib.h
configure:9931: result: yes
configure:9941: checking for GNU libc compatible malloc
configure:9965: gcc -o conftest -g -O2   conftest.c  >&5
configure:9965: $? = 0
configure:9965: ./conftest
configure:9965: $? = 0
configure:9975: result: yes
configure:10101: checking that generated files are newer than configure
configure:10107: result: done
configure:10130: creating ./config.status

## ---------------------- ##
## Running config.status. ##
## ---------------------- ##

This file was extended by CollectionsLibrary config.status 0.0, which was
generated by GNU Autoconf 2.69.  Invocation command line was

  CONFIG_FILES    = 
  CONFIG_HEADERS  = 
  CONFIG_LINKS    = 
  CONFIG_COMMANDS = 
  $ ./config.status 

on ubuntu2004

config.status:1093: creating Makefile
config.status:1093: creating src/Makefile
config.status:1093: creating tests/Makefile
config.status:1093: creating config.h
config.status:1259: config.h is unchanged
config.status:1307: executing depfiles commands
config.status:1384: cd src       && sed -e '/# am--include-marker/d' Makefile         | make -f - am--depfiles
make: Nothing to be done for 'am--depfiles'.
config.status:1389: $? = 0
config.status:1384: cd tests       && sed -e '/# am--include-marker/d' Makefile         | make -f - am--depfiles
make: Nothing to be done for 'am--depfiles'.
config.status:1389: $? = 0
config.status:1307: executing libtool commands

## ---------------- ##
## Cache variables. ##
## ---------------- ##

ac_cv_build=x86_64-pc-linux-gnu
ac_cv_c_compiler_gnu=yes
ac_cv_env_CC_set=
ac_cv_env_CC_value=
ac_cv_env_CFLAGS_set=
ac_cv_env_CFLAGS_value=
ac_cv_env_CHECK_CFLAGS_set=
ac_cv_env_CHECK_CFLAGS_value=
ac_cv_env_CHECK_LIBS_set=
ac_cv_env_CHECK_LIBS_value=
ac_cv_env_CPPFLAGS_set=
ac_cv_env_CPPFLAGS_value=
ac_cv_env_CPP_set=
ac_cv_env_CPP_value=
ac_cv_env_LDFLAGS_set=
ac_cv_env_LDFLAGS_value=
ac_cv_env_LIBS_set=
ac_cv_env_LIBS_value=
ac_cv_env_LT_SYS_LIBRARY_PATH_set=
ac_cv_env_LT_SYS_LIBRARY_PATH_value=
ac_cv_env_PKG_CONFIG_LIBDIR_set=
ac_cv_env_PKG_CONFIG_LIBDIR_value=
ac_cv_env_PKG_CONFIG_PATH_set=
ac_cv_env_PKG_CONFIG_PATH_value=
ac_cv_env_PKG_CONFIG_set=
ac_cv_env_PKG_CONFIG_value=
ac_cv_env_build_alias_set=
ac_cv_env_build_alias_value=
ac_cv_env_host_alias_set=
ac_cv_env_host_alias_value=
ac_cv_env_target_alias_set=
ac_cv_env_target_alias_value=
ac_cv_func_malloc_0_nonnull=yes
ac_cv_header_dlfcn_h=yes
ac_cv_header_inttypes_h=yes
ac_cv_header_memory_h=yes
ac_cv_header_stdbool_h=yes
ac_cv_header_stdc=yes
ac_cv_header_stdint_h=yes
ac_cv_header_stdlib_h=yes
ac_cv_header_string_h=yes
ac_cv_header_strings_h=yes
ac_cv_header_sys_stat_h=yes
ac_cv_header_sys_types_h=yes
ac_cv_header_unistd_h=yes
ac_cv_host=x86_64-pc-linux-gnu
ac_cv_objext=o
ac_cv_path_EGREP='/usr/bin/grep -E'
ac_cv_path_FGREP='/usr/bin/grep -F'
ac_cv_path_GREP=/usr/bin/grep
ac_cv_path_SED=/usr/bin/sed
ac_cv_path_ac_pt_PKG_CONFIG=/usr/bin/pkg-config
ac_cv_path_install='/usr/bin/install -c'
ac_cv_path_lt_DD=/usr/bin/dd
ac_cv_path_mkdir=/usr/bin/mkdir
ac_cv_prog_AWK=gawk
ac_cv_prog_CPP='gcc -E'
ac_cv_prog_ac_ct_AR=ar
ac_cv_prog_ac_ct_CC=gcc
ac_cv_prog_ac_ct_MANIFEST_TOOL=mt
ac_cv_prog_ac_ct_OBJDUMP=objdump
ac_cv_prog_ac_ct_RANLIB=ranlib
ac_cv_prog_ac_ct_STRIP=strip
ac_cv_prog_cc_c89=
ac_cv_prog_cc_g=yes
ac_cv_prog_make_make_set=yes
ac_cv_type__Bool=yes
am_cv_CC_dependencies_compiler_type=gcc3
am_cv_ar_interface=ar
am_cv_make_support_nested_variables=yes
am_cv_prog_cc_c_o=yes
lt_cv_ar_at_file=@
lt_cv_archive_cmds_need_lc=no
lt_cv_deplibs_check_method=pass_all
lt_cv_file_magic_cmd='$MAGIC_CMD'
lt_cv_file_magic_test_file=
lt_cv_ld_reload_flag=-r
lt_cv_nm_interface='BSD nm'
lt_cv_objdir=.libs
lt_cv_path_LD=/usr/bin/ld
lt_cv_path_NM='/usr/bin/nm -B'
lt_cv_path_mainfest_tool=no
lt_cv_prog_compiler_c_o=yes
lt_cv_prog_compiler_pic='-fPIC -DPIC'
lt_cv_prog_compiler_pic_works=yes
lt_cv_prog_compiler_rtti_exceptions=no
lt_cv_prog_compiler_static_works=yes
lt_cv_prog_gnu_ld=yes
lt_cv_sharedlib_from_linklib_cmd='printf %s\n'
lt_cv_shlibpath_overrides_runpath=yes
lt_cv_sys_global_symbol_pipe='sed -n -e '\''s/^.*[	 ]\([ABCDGIRSTW][ABCDGIRSTW]*\)[	 ][	 ]*\([_A-Za-z][_A-Za-z0-9]*\)$/\1 \2 \2/p'\'' | sed '\''/ __gnu_lto/d'\'''
lt_cv_sys_global_symbol_to_c_name_address='sed -n -e '\''s/^: \(.*\) .*$/  {"\1", (void *) 0},/p'\'' -e '\''s/^[ABCDGIRSTW][ABCDGIRSTW]* .* \(.*\)$/  {"\1", (void *) \&\1},/p'\'''
lt_cv_sys_global_symbol_to_c_name_address_lib_prefix='sed -n -e '\''s/^: \(.*\) .*$/  {"\1", (void *) 0},/p'\'' -e '\''s/^[ABCDGIRSTW][ABCDGIRSTW]* .* \(lib.*\)$/  {"\1", (void *) \&\1},/p'\'' -e '\''s/^[ABCDGIRSTW][ABCDGIRSTW]* .* \(.*\)$/  {"lib\1", (void *) \&\1},/p'\'''
lt_cv_sys_global_symbol_to_cdecl='sed -n -e '\''s/^T .* \(.*\)$/extern int \1();/p'\'' -e '\''s/^[ABCDGIRSTW][ABCDGIRSTW]* .* \(.*\)$/extern char \1;/p'\'''
lt_cv_sys_global_symbol_to_import=
lt_cv_sys_max_cmd_len=1572864
lt_cv_to_host_file_cmd=func_convert_file_noop
lt_cv_to_tool_file_cmd=func_convert_file_noop
lt_cv_truncate_bin='/usr/bin/dd bs=4096 count=1'
pkg_cv_CHECK_CFLAGS=-pthread
pkg_cv_CHECK_LIBS='-lcheck_pic -pthread -lrt -lm -lsubunit'

## ----------------- ##
## Output variables. ##
## ----------------- ##

ACLOCAL='${SHELL} /home/zus/code/lsd-assignment-1/collections/missing aclocal-1.16'
AMDEPBACKSLASH='\'
AMDEP_FALSE='#'
AMDEP_TRUE=''
AMTAR='$${TAR-tar}'
AM_BACKSLASH='\'
AM_DEFAULT_V='$(AM_DEFAULT_VERBOSITY)'
AM_DEFAULT_VERBOSITY='1'
AM_V='$(V)'
AR='ar'
AUTOCONF='${SHELL} /home/zus/code/lsd-assignment-1/collections/missing autoconf'
AUTOHEADER='${SHELL} /home/zus/code/lsd-assignment-1/collections/missing autoheader'
AUTOMAKE='${SHELL} /home/zus/code/lsd-assignment-1/collections/missing automake-1.16'
AWK='gawk'
CC='gcc'
CCDEPMODE='depmode=gcc3'
CFLAGS='-g -O2'
CHECK_CFLAGS='-pthread'
CHECK_LIBS='-lcheck_pic -pthread -lrt -lm -lsubunit'
CPP='gcc -E'
CPPFLAGS=''
CYGPATH_W='echo'
DEFS='-DHAVE_CONFIG_H'
DEPDIR='.deps'
DLLTOOL='false'
DSYMUTIL=''
DUMPBIN=''
ECHO_C=''
ECHO_N='-n'
ECHO_T=''
EGREP='/usr/bin/grep -E'
EXEEXT=''
FGREP='/usr/bin/grep -F'
GREP='/usr/bin/grep'
INSTALL_DATA='${INSTALL} -m 644'
INSTALL_PROGRAM='${INSTALL}'
INSTALL_SCRIPT='${INSTALL}'
INSTALL_STRIP_PROGRAM='$(install_sh) -c -s'
LD='/usr/bin/ld -m elf_x86_64'
LDFLAGS=''
LIBOBJS=''
LIBS=''
LIBTOOL='$(SHELL) $(top_builddir)/libtool'
LIPO=''
LN_S='ln -s'
LTLIBOBJS=''
LT_SYS_LIBRARY_PATH=''
MAKEINFO='${SHELL} /home/zus/code/lsd-assignment-1/collections/missing makeinfo'
MANIFEST_TOOL=':'
MKDIR_P='/usr/bin/mkdir -p'
NM='/usr/bin/nm -B'
NMEDIT=''
OBJDUMP='objdump'
OBJEXT='o'
OTOOL64=''
OTOOL=''
PACKAGE='collectionslibrary'
PACKAGE_BUGREPORT='zus AT gomoreno.me'
PACKAGE_NAME='CollectionsLibrary'
PACKAGE_STRING='CollectionsLibrary 0.0'
PACKAGE_TARNAME='collectionslibrary'
PACKAGE_URL=''
PACKAGE_VERSION='0.0'
PATH_SEPARATOR=':'
PKG_CONFIG='/usr/bin/pkg-config'
PKG_CONFIG_LIBDIR=''
PKG_CONFIG_PATH=''
RANLIB='ranlib'
SED='/usr/bin/sed'
SET_MAKE=''
SHELL='/bin/bash'
STRIP='strip'
VERSION='0.0'
ac_ct_AR='ar'
ac_ct_CC='gcc'
ac_ct_DUMPBIN=''
am__EXEEXT_FALSE=''
am__EXEEXT_TRUE='#'
am__fastdepCC_FALSE='#'
am__fastdepCC_TRUE=''
am__include='include'
am__isrc=' -I$(srcdir)'
am__leading_dot='.'
am__nodep='_no'
am__quote=''
am__tar='$${TAR-tar} chof - "$$tardir"'
am__untar='$${TAR-tar} xf -'
bindir='${exec_prefix}/bin'
build='x86_64-pc-linux-gnu'
build_alias=''
build_cpu='x86_64'
build_os='linux-gnu'
build_vendor='pc'
datadir='${datarootdir}'
datarootdir='${prefix}/share'
docdir='${datarootdir}/doc/${PACKAGE_TARNAME}'
dvidir='${docdir}'
exec_prefix='${prefix}'
host='x86_64-pc-linux-gnu'
host_alias=''
host_cpu='x86_64'
host_os='linux-gnu'
host_vendor='pc'
htmldir='${docdir}'
includedir='${prefix}/include'
infodir='${datarootdir}/info'
install_sh='${SHELL} /home/zus/code/lsd-assignment-1/collections/install-sh'
libdir='${exec_prefix}/lib'
libexecdir='${exec_prefix}/libexec'
localedir='${datarootdir}/locale'
localstatedir='${prefix}/var'
mandir='${datarootdir}/man'
mkdir_p='$(MKDIR_P)'
oldincludedir='/usr/include'
pdfdir='${docdir}'
prefix='/usr/local'
program_transform_name='s,x,x,'
psdir='${docdir}'
runstatedir='${localstatedir}/run'
sbindir='${exec_prefix}/sbin'
sharedstatedir='${prefix}/com'
sysconfdir='${prefix}/etc'
target_alias=''

## ----------- ##
## confdefs.h. ##
## ----------- ##

/* confdefs.h */
#define PACKAGE_NAME "CollectionsLibrary"
#define PACKAGE_TARNAME "collectionslibrary"
#define PACKAGE_VERSION "0.0"
#define PACKAGE_STRING "CollectionsLibrary 0.0"
#define PACKAGE_BUGREPORT "zus AT gomoreno.me"
#define PACKAGE_URL ""
#define PACKAGE "collectionslibrary"
#define VERSION "0.0"
#define STDC_HEADERS 1
#define HAVE_SYS_TYPES_H 1
#define HAVE_SYS_STAT_H 1
#define HAVE_STDLIB_H 1
#define HAVE_STRING_H 1
#define HAVE_MEMORY_H 1
#define HAVE_STRINGS_H 1
#define HAVE_INTTYPES_H 1
#define HAVE_STDINT_H 1
#define HAVE_UNISTD_H 1
#define HAVE_DLFCN_H 1
#define LT_OBJDIR ".libs/"
#define STDC_HEADERS 1
#define HAVE__BOOL 1
#define HAVE_STDBOOL_H 1
#define HAVE_STDLIB_H 1
#define HAVE_STDLIB_H 1
#define HAVE_MALLOC 1

configure: exit 0
